libagorartc/build/intermediates/manifest_merge_blame_file/debug/manifest-merger-blame-debug-report.txt
1<?xml version="1.0" encoding="utf-8"?>
2<manifest xmlns:android="http://schemas.android.com/apk/res/android"
3    package="io.agora.rtc" >
4
5    <uses-sdk
6        android:minSdkVersion="14"
6-->MRep\libagorartc\AndroidManifest.xml
7        android:targetSdkVersion="28" />
7-->MRep\libagorartc\AndroidManifest.xml
8
9</manifest>